2018-03-23T10:45:17.727-0700 I CONTROL  [initandlisten] MongoDB starting : pid=10744 port=27018 dbpath=g:\cluster\primary1-pc\data\db 64-bit host=DESKTOP-55AGI0I
2018-03-23T10:45:17.727-0700 I CONTROL  [initandlisten] targetMinOS: Windows 7/Windows Server 2008 R2
2018-03-23T10:45:17.727-0700 I CONTROL  [initandlisten] db version v3.6.1
2018-03-23T10:45:17.727-0700 I CONTROL  [initandlisten] git version: 025d4f4fe61efd1fb6f0005be20cb45a004093d1
2018-03-23T10:45:17.727-0700 I CONTROL  [initandlisten] OpenSSL version: OpenSSL 1.0.1u-fips  22 Sep 2016
2018-03-23T10:45:17.728-0700 I CONTROL  [initandlisten] allocator: tcmalloc
2018-03-23T10:45:17.728-0700 I CONTROL  [initandlisten] modules: enterprise 
2018-03-23T10:45:17.728-0700 I CONTROL  [initandlisten] build environment:
2018-03-23T10:45:17.729-0700 I CONTROL  [initandlisten]     distmod: windows-64
2018-03-23T10:45:17.729-0700 I CONTROL  [initandlisten]     distarch: x86_64
2018-03-23T10:45:17.729-0700 I CONTROL  [initandlisten]     target_arch: x86_64
2018-03-23T10:45:17.729-0700 I CONTROL  [initandlisten] options: { config: "G:\PCS\dev1_PC\configs\mongod-primary1.cfg", net: { port: 27018 }, replication: { replSetName: "repl1" }, storage: { dbPath: "g:\cluster\primary1-pc\data\db" }, systemLog: { destination: "file", path: "g:\cluster\primary1-pc\data\log\mongod.log" } }
2018-03-23T10:45:17.731-0700 I STORAGE  [initandlisten] wiredtiger_open config: create,cache_size=3500M,session_max=20000,eviction=(threads_min=4,threads_max=4),config_base=false,statistics=(fast),log=(enabled=true,archive=true,path=journal,compressor=snappy),file_manager=(close_idle_time=100000),statistics_log=(wait=0),verbose=(recovery_progress),
2018-03-23T10:45:18.893-0700 I CONTROL  [initandlisten] 
2018-03-23T10:45:18.893-0700 I CONTROL  [initandlisten] ** WARNING: Access control is not enabled for the database.
2018-03-23T10:45:18.894-0700 I CONTROL  [initandlisten] **          Read and write access to data and configuration is unrestricted.
2018-03-23T10:45:18.894-0700 I CONTROL  [initandlisten] 
2018-03-23T10:45:18.894-0700 I CONTROL  [initandlisten] ** WARNING: This server is bound to localhost.
2018-03-23T10:45:18.894-0700 I CONTROL  [initandlisten] **          Remote systems will be unable to connect to this server. 
2018-03-23T10:45:18.894-0700 I CONTROL  [initandlisten] **          Start the server with --bind_ip <address> to specify which IP 
2018-03-23T10:45:18.894-0700 I CONTROL  [initandlisten] **          addresses it should serve responses from, or with --bind_ip_all to
2018-03-23T10:45:18.895-0700 I CONTROL  [initandlisten] **          bind to all interfaces. If this behavior is desired, start the
2018-03-23T10:45:18.895-0700 I CONTROL  [initandlisten] **          server with --bind_ip 127.0.0.1 to disable this warning.
2018-03-23T10:45:18.895-0700 I CONTROL  [initandlisten] 
2018-03-23T10:45:18.895-0700 I CONTROL  [initandlisten] 
2018-03-23T10:45:18.895-0700 I CONTROL  [initandlisten] ** WARNING: The file system cache of this machine is configured to be greater than 40% of the total memory. This can lead to increased memory pressure and poor performance.
2018-03-23T10:45:18.895-0700 I CONTROL  [initandlisten] See http://dochub.mongodb.org/core/wt-windows-system-file-cache
2018-03-23T10:45:18.896-0700 I CONTROL  [initandlisten] 
2018-03-23T23:15:18.899+0530 I STORAGE  [initandlisten] createCollection: local.startup_log with no UUID.
2018-03-23T23:15:19.171+0530 I FTDC     [initandlisten] Initializing full-time diagnostic data capture with directory 'g:/cluster/primary1-pc/data/db/diagnostic.data'
2018-03-23T23:15:19.171+0530 I STORAGE  [initandlisten] createCollection: local.me with no UUID.
2018-03-23T23:15:19.256+0530 I STORAGE  [initandlisten] createCollection: local.replset.minvalid with no UUID.
2018-03-23T23:15:19.643+0530 I REPL     [initandlisten] Did not find local voted for document at startup.
2018-03-23T23:15:19.643+0530 I REPL     [initandlisten] Did not find local Rollback ID document at startup. Creating one.
2018-03-23T23:15:19.643+0530 I STORAGE  [initandlisten] createCollection: local.system.rollback.id with no UUID.
2018-03-23T23:15:19.726+0530 I REPL     [initandlisten] Initialized the rollback ID to 1
2018-03-23T23:15:19.726+0530 I REPL     [initandlisten] Did not find local replica set configuration document at startup;  NoMatchingDocument: Did not find replica set configuration document in local.system.replset
2018-03-23T23:15:19.729+0530 I NETWORK  [initandlisten] waiting for connections on port 27018
2018-03-23T23:16:24.410+0530 I NETWORK  [listener] connection accepted from 127.0.0.1:54552 #1 (1 connection now open)
2018-03-23T23:16:24.420+0530 I NETWORK  [conn1] received client metadata from 127.0.0.1:54552 conn: { application: { name: "MongoDB Shell" }, driver: { name: "MongoDB Internal Client", version: "3.6.1" }, os: { type: "Windows", name: "Microsoft Windows 10", architecture: "x86_64", version: "10.0 (build 16299)" } }
2018-03-23T23:16:34.769+0530 I COMMAND  [conn1] initiate : no configuration specified. Using a default configuration for the set
2018-03-23T23:16:34.769+0530 I COMMAND  [conn1] created this configuration for initiation : { _id: "repl1", version: 1, members: [ { _id: 0, host: "localhost:27018" } ] }
2018-03-23T23:16:34.769+0530 I REPL     [conn1] replSetInitiate admin command received from client
2018-03-23T23:16:34.776+0530 I REPL     [conn1] replSetInitiate config object with 1 members parses ok
2018-03-23T23:16:34.776+0530 I REPL     [conn1] ******
2018-03-23T23:16:34.776+0530 I REPL     [conn1] creating replication oplog of size: 5396MB...
2018-03-23T23:16:34.776+0530 I STORAGE  [conn1] createCollection: local.oplog.rs with no UUID.
2018-03-23T23:16:34.811+0530 I STORAGE  [conn1] Starting WiredTigerRecordStoreThread local.oplog.rs
2018-03-23T23:16:34.812+0530 I STORAGE  [conn1] The size storer reports that the oplog contains 0 records totaling to 0 bytes
2018-03-23T23:16:34.812+0530 I STORAGE  [conn1] Scanning the oplog to determine where to place markers for truncation
2018-03-23T23:16:34.946+0530 I REPL     [conn1] ******
2018-03-23T23:16:34.946+0530 I STORAGE  [conn1] createCollection: local.system.replset with no UUID.
2018-03-23T23:16:35.031+0530 I COMMAND  [conn1] Assigning UUID c046c7c1-1b24-4f30-9566-fa5c834f36a1 to collection local.system.rollback.id
2018-03-23T23:16:35.032+0530 I COMMAND  [conn1] Assigning UUID 18754604-b44c-40e6-8468-a3f7ec6f0d56 to collection local.system.replset
2018-03-23T23:16:35.032+0530 I COMMAND  [conn1] Assigning UUID c06c759b-bdd6-47eb-b91e-7fae434e658d to collection local.me
2018-03-23T23:16:35.035+0530 I COMMAND  [conn1] Assigning UUID 5f49cc68-6558-4d16-8de7-9cd20f9c9c8d to collection local.startup_log
2018-03-23T23:16:35.035+0530 I COMMAND  [conn1] Assigning UUID 04e2ad2a-9ff5-47cc-bbe3-47cf69561e3c to collection local.replset.minvalid
2018-03-23T23:16:35.036+0530 I COMMAND  [conn1] Assigning UUID acb1f136-6f4d-43f0-a563-786843836305 to collection local.oplog.rs
2018-03-23T23:16:35.036+0530 I STORAGE  [conn1] createCollection: admin.system.version with provided UUID: b488ecd3-26c5-4b9d-8aba-3678ca5d6ff2
2018-03-23T23:16:35.128+0530 I COMMAND  [conn1] setting featureCompatibilityVersion to 3.6
2018-03-23T23:16:35.128+0530 I NETWORK  [conn1] Skip closing connection for connection # 1
2018-03-23T23:16:35.129+0530 I REPL     [conn1] New replica set config in use: { _id: "repl1", version: 1, protocolVersion: 1, members: [ { _id: 0, host: "localhost:27018", arbiterOnly: false, buildIndexes: true, hidden: false, priority: 1.0, tags: {}, slaveDelay: 0, votes: 1 } ], settings: { chainingAllowed: true, heartbeatIntervalMillis: 2000, heartbeatTimeoutSecs: 10, electionTimeoutMillis: 10000, catchUpTimeoutMillis: -1, catchUpTakeoverDelayMillis: 30000, getLastErrorModes: {}, getLastErrorDefaults: { w: 1, wtimeout: 0 }, replicaSetId: ObjectId('5ab53d7ac34119ce541535d9') } }
2018-03-23T23:16:35.129+0530 I REPL     [conn1] This node is localhost:27018 in the config
2018-03-23T23:16:35.129+0530 I REPL     [conn1] transition to STARTUP2 from STARTUP
2018-03-23T23:16:35.129+0530 I REPL     [conn1] Starting replication storage threads
2018-03-23T23:16:35.138+0530 I REPL     [conn1] transition to RECOVERING from STARTUP2
2018-03-23T23:16:35.138+0530 I REPL     [conn1] Starting replication fetcher thread
2018-03-23T23:16:35.139+0530 I REPL     [conn1] Starting replication applier thread
2018-03-23T23:16:35.140+0530 I REPL     [conn1] Starting replication reporter thread
2018-03-23T23:16:35.140+0530 I COMMAND  [conn1] command local.oplog.rs appName: "MongoDB Shell" command: replSetInitiate { replSetInitiate: undefined, $db: "admin" } numYields:0 reslen:252 locks:{ Global: { acquireCount: { r: 32, w: 20, W: 2 }, acquireWaitCount: { W: 1 }, timeAcquiringMicros: { W: 85 } }, Database: { acquireCount: { r: 4, w: 4, W: 16 }, acquireWaitCount: { W: 1 }, timeAcquiringMicros: { W: 2482 } }, Collection: { acquireCount: { r: 2, w: 2 } }, oplog: { acquireCount: { r: 2, w: 3 } } } protocol:op_msg 371ms
2018-03-23T23:16:35.147+0530 I REPL     [rsSync] transition to SECONDARY from RECOVERING
2018-03-23T23:16:35.148+0530 I REPL     [rsSync] conducting a dry run election to see if we could be elected. current term: 0
2018-03-23T23:16:35.148+0530 I REPL     [replexec-0] dry election run succeeded, running for election in term 1
2018-03-23T23:16:35.149+0530 I STORAGE  [replexec-1] createCollection: local.replset.election with generated UUID: 570b9525-671d-451f-98a6-170b9be3219b
2018-03-23T23:16:35.251+0530 I REPL     [replexec-1] election succeeded, assuming primary role in term 1
2018-03-23T23:16:35.251+0530 I REPL     [replexec-1] transition to PRIMARY from SECONDARY
2018-03-23T23:16:35.251+0530 I REPL     [replexec-1] Entering primary catch-up mode.
2018-03-23T23:16:35.251+0530 I REPL     [replexec-1] Exited primary catch-up mode.
2018-03-23T23:16:37.151+0530 I STORAGE  [rsSync] createCollection: config.transactions with generated UUID: 42292d4e-2c2a-40db-8c01-a2a7d59998a0
2018-03-23T23:16:37.256+0530 I COMMAND  [rsSync] command config.transactions command: create { create: "transactions", $db: "config" } numYields:0 reslen:147 locks:{ Global: { acquireCount: { r: 13, w: 4, W: 1 } }, Database: { acquireCount: { r: 4, w: 3, W: 1 } }, Collection: { acquireCount: { r: 3, w: 1 } }, oplog: { acquireCount: { r: 1, w: 2 } } } protocol:op_msg 105ms
2018-03-23T23:16:37.256+0530 I REPL     [rsSync] transition to primary complete; database writes are now permitted
2018-03-23T23:16:37.257+0530 I COMMAND  [monitoring keys for HMAC] command admin.system.keys command: find { find: "system.keys", filter: { purpose: "HMAC", expiresAt: { $gt: Timestamp(1521827197, 1) } }, sort: { expiresAt: 1 }, $readPreference: { mode: "nearest", tags: [] }, $db: "admin" } planSummary: EOF keysExamined:0 docsExamined:0 cursorExhausted:1 numYields:0 nreturned:0 reslen:215 locks:{ Global: { acquireCount: { r: 2 }, acquireWaitCount: { r: 1 }, timeAcquiringMicros: { r: 106336 } }, Database: { acquireCount: { r: 1 } }, Collection: { acquireCount: { r: 1 } } } protocol:op_msg 106ms
2018-03-23T23:16:37.258+0530 I STORAGE  [monitoring keys for HMAC] createCollection: admin.system.keys with generated UUID: 2cad0400-47fd-4b31-902d-9fb52382da27
2018-03-23T23:16:37.374+0530 I COMMAND  [monitoring keys for HMAC] command admin.system.keys command: insert { insert: "system.keys", bypassDocumentValidation: false, ordered: true, documents: [ { _id: 6536198041278349313, purpose: "HMAC", key: BinData(0, 456C981A724FE6C8E04566A2862A5ED64D1E49AE), expiresAt: Timestamp(1529603197, 0) } ], writeConcern: { w: "majority", wtimeout: 15000 }, $db: "admin" } ninserted:1 keysInserted:1 numYields:0 reslen:214 locks:{ Global: { acquireCount: { r: 7, w: 5 }, acquireWaitCount: { r: 1 }, timeAcquiringMicros: { r: 106336 } }, Database: { acquireCount: { r: 1, w: 2, W: 3 } }, Collection: { acquireCount: { r: 1, w: 2 } }, oplog: { acquireCount: { w: 2 } } } protocol:op_msg 115ms
2018-03-23T23:20:19.729+0530 I STORAGE  [thread2] createCollection: config.system.sessions with generated UUID: d49b04f8-6e2c-4431-879b-03c7a8bca60d
2018-03-23T23:20:19.875+0530 I INDEX    [thread2] build index on: config.system.sessions properties: { v: 2, key: { lastUse: 1 }, name: "lsidTTLIndex", ns: "config.system.sessions", expireAfterSeconds: 1800 }
2018-03-23T23:20:19.875+0530 I INDEX    [thread2] 	 building index using bulk method; build may temporarily use up to 500 megabytes of RAM
2018-03-23T23:20:19.892+0530 I INDEX    [thread2] build index done.  scanned 0 total records. 0 secs
2018-03-23T23:20:19.893+0530 I COMMAND  [thread2] command config.$cmd command: createIndexes { createIndexes: "system.sessions", indexes: [ { key: { lastUse: 1 }, name: "lsidTTLIndex", expireAfterSeconds: 1800 } ], $db: "config" } numYields:0 reslen:223 locks:{ Global: { acquireCount: { r: 4, w: 4 } }, Database: { acquireCount: { w: 3, W: 1 } }, Collection: { acquireCount: { w: 2 } }, oplog: { acquireCount: { w: 2 } } } protocol:op_msg 163ms
2018-03-23T23:31:51.688+0530 I NETWORK  [conn1] end connection 127.0.0.1:54552 (0 connections now open)
2018-03-23T23:32:04.812+0530 I CONTROL  [thread3] Ctrl-C signal
2018-03-23T23:32:04.812+0530 I CONTROL  [consoleTerminate] got CTRL_C_EVENT, will terminate after current cmd ends
2018-03-23T23:32:04.812+0530 I NETWORK  [consoleTerminate] shutdown: going to close listening sockets...
2018-03-23T23:32:04.812+0530 I REPL     [consoleTerminate] shutting down replication subsystems
2018-03-23T23:32:04.812+0530 I REPL     [consoleTerminate] Stopping replication reporter thread
2018-03-23T23:32:04.812+0530 I REPL     [consoleTerminate] Stopping replication fetcher thread
2018-03-23T23:32:04.812+0530 I REPL     [consoleTerminate] Stopping replication applier thread
2018-03-23T23:32:05.511+0530 I REPL     [consoleTerminate] Stopping replication storage threads
2018-03-23T23:32:05.513+0530 F CONTROL  [thread4] Encountered an error in PeriodicRunnerASIO: The I/O operation has been aborted because of either a thread exit or an application request.
2018-03-23T23:32:05.513+0530 F CONTROL  [thread4] Encountered an error in PeriodicRunnerASIO: The I/O operation has been aborted because of either a thread exit or an application request.
2018-03-23T23:32:05.513+0530 I FTDC     [consoleTerminate] Shutting down full-time diagnostic data capture
2018-03-23T23:32:05.520+0530 I STORAGE  [WTOplogJournalThread] oplog journal thread loop shutting down
2018-03-23T23:32:05.520+0530 I STORAGE  [consoleTerminate] WiredTigerKVEngine shutting down
2018-03-23T23:32:05.945+0530 I STORAGE  [consoleTerminate] shutdown: removing fs lock...
2018-03-23T23:32:05.945+0530 I CONTROL  [consoleTerminate] now exiting
2018-03-23T23:32:05.945+0530 I CONTROL  [consoleTerminate] shutting down with code:12
